<?xml version="1.0" encoding="UTF-8"?>
<testng-results ignored="0" total="1" passed="1" failed="0" skipped="0">
  <reporter-output>
  </reporter-output>
  <suite started-at="2022-07-01T19:59:27 IST" name="Suite" finished-at="2022-07-01T20:01:31 IST" duration-ms="124202">
    <groups>
    </groups>
    <test started-at="2022-07-01T19:59:27 IST" name="Test" finished-at="2022-07-01T20:01:31 IST" duration-ms="124202">
      <class name="com.hybrid.testclass.TC_LoginTestCase">
        <test-method is-config="true" signature="setUp()[pri:0, instance:com.hybrid.testclass.TC_LoginTestCase@25fb8912]" started-at="2022-07-01T19:59:29 IST" name="setUp" finished-at="2022-07-01T19:59:52 IST" duration-ms="23155" status="PASS">
          <reporter-output>
          </reporter-output>
        </test-method> <!-- setUp -->
        <test-method signature="Login()[pri:1, instance:com.hybrid.testclass.TC_LoginTestCase@25fb8912]" started-at="2022-07-01T19:59:52 IST" name="Login" description="Login Functionality Test case" finished-at="2022-07-01T20:01:30 IST" duration-ms="98196" status="PASS">
          <reporter-output>
          </reporter-output>
        </test-method> <!-- Login -->
        <test-method is-config="true" signature="tearUp()[pri:0, instance:com.hybrid.testclass.TC_LoginTestCase@25fb8912]" started-at="2022-07-01T20:01:30 IST" name="tearUp" finished-at="2022-07-01T20:01:31 IST" duration-ms="501" status="PASS">
          <reporter-output>
          </reporter-output>
        </test-method> <!-- tearUp -->
      </class> <!-- com.hybrid.testclass.TC_LoginTestCase -->
    </test> <!-- Test -->
  </suite> <!-- Suite -->
</testng-results>
