<?xml version="1.0" encoding="UTF-8"?>
<testsuite xmlns:xsi="http://www.w3.org/2001/XMLSchema-instance" xsi:noNamespaceSchemaLocation="https://maven.apache.org/surefire/maven-surefire-plugin/xsd/surefire-test-report-3.0.xsd" version="3.0" name="TestSuite" time="127.391" tests="1" errors="0" skipped="0" failures="0">
  <properties>
[...]
</properties>
  <testcase name="Login" classname="com.hybrid.testclass.TC_LoginTestCase" time="98.377">
    <system-out><![CDATA[On Start method invoked....
[DEBUG] 2022-07-01 19:59:39.155 [main] InternalLoggerFactory - Using Log4J2 as the default logging framework
[DEBUG] 2022-07-01 19:59:39.203 [main] ResourceLeakDetector - -Dio.netty.leakDetection.level: simple
[DEBUG] 2022-07-01 19:59:39.203 [main] ResourceLeakDetector - -Dio.netty.leakDetection.targetRecords: 4
[DEBUG] 2022-07-01 19:59:39.308 [main] ResourceLeakDetectorFactory - Loaded default ResourceLeakDetector: io.netty.util.ResourceLeakDetector@55e3d6c3
[DEBUG] 2022-07-01 19:59:39.384 [main] PlatformDependent0 - -Dio.netty.noUnsafe: false
[DEBUG] 2022-07-01 19:59:39.384 [main] PlatformDependent0 - Java version: 11
[DEBUG] 2022-07-01 19:59:39.390 [main] PlatformDependent0 - sun.misc.Unsafe.theUnsafe: available
[DEBUG] 2022-07-01 19:59:39.391 [main] PlatformDependent0 - sun.misc.Unsafe.copyMemory: available
[DEBUG] 2022-07-01 19:59:39.392 [main] PlatformDependent0 - java.nio.Buffer.address: available
[DEBUG] 2022-07-01 19:59:39.394 [main] PlatformDependent0 - direct buffer constructor: unavailable: Reflective setAccessible(true) disabled
[DEBUG] 2022-07-01 19:59:39.396 [main] PlatformDependent0 - java.nio.Bits.unaligned: available, true
[DEBUG] 2022-07-01 19:59:39.398 [main] PlatformDependent0 - jdk.internal.misc.Unsafe.allocateUninitializedArray(int): unavailable: class io.netty.util.internal.PlatformDependent0$6 cannot access class jdk.internal.misc.Unsafe (in module java.base) because module java.base does not export jdk.internal.misc to unnamed module @379ce046
[DEBUG] 2022-07-01 19:59:39.440 [main] PlatformDependent0 - java.nio.DirectByteBuffer.<init>(long, int): unavailable
[DEBUG] 2022-07-01 19:59:39.441 [main] PlatformDependent - sun.misc.Unsafe: available
[DEBUG] 2022-07-01 19:59:39.444 [main] PlatformDependent - maxDirectMemory: 2113929216 bytes (maybe)
[DEBUG] 2022-07-01 19:59:39.444 [main] PlatformDependent - -Dio.netty.tmpdir: C:\Users\UNIQUE~1\AppData\Local\Temp (java.io.tmpdir)
[DEBUG] 2022-07-01 19:59:39.445 [main] PlatformDependent - -Dio.netty.bitMode: 64 (sun.arch.data.model)
[DEBUG] 2022-07-01 19:59:39.445 [main] PlatformDependent - Platform: Windows
[DEBUG] 2022-07-01 19:59:39.448 [main] PlatformDependent - -Dio.netty.maxDirectMemory: -1 bytes
[DEBUG] 2022-07-01 19:59:39.448 [main] PlatformDependent - -Dio.netty.uninitializedArrayAllocationThreshold: -1
[DEBUG] 2022-07-01 19:59:39.451 [main] CleanerJava9 - java.nio.ByteBuffer.cleaner(): available
[DEBUG] 2022-07-01 19:59:39.452 [main] PlatformDependent - -Dio.netty.noPreferDirect: false
[DEBUG] 2022-07-01 19:59:39.479 [main] PlatformDependent - org.jctools-core.MpscChunkedArrayQueue: available
[DEBUG] 2022-07-01 19:59:39.523 [main] InternalThreadLocalMap - -Dio.netty.threadLocalMap.stringBuilder.initialSize: 1024
[DEBUG] 2022-07-01 19:59:39.524 [main] InternalThreadLocalMap - -Dio.netty.threadLocalMap.stringBuilder.maxSize: 4096
[DEBUG] 2022-07-01 19:59:39.812 [main] JdkSslContext - Default protocols (JDK): [TLSv1.3, TLSv1.2] 
[DEBUG] 2022-07-01 19:59:39.813 [main] JdkSslContext - Default cipher suites (JDK): [TLS_ECDHE_ECDSA_WITH_AES_256_GCM_SHA384, TLS_ECDHE_ECDSA_WITH_AES_128_GCM_SHA256, TLS_ECDHE_RSA_WITH_AES_128_GCM_SHA256, TLS_ECDHE_RSA_WITH_AES_256_GCM_SHA384, TLS_ECDHE_RSA_WITH_AES_128_CBC_SHA, TLS_ECDHE_RSA_WITH_AES_256_CBC_SHA, TLS_RSA_WITH_AES_128_GCM_SHA256, TLS_RSA_WITH_AES_128_CBC_SHA, TLS_RSA_WITH_AES_256_CBC_SHA, TLS_AES_128_GCM_SHA256, TLS_AES_256_GCM_SHA384]
[DEBUG] 2022-07-01 19:59:39.902 [main] MultithreadEventLoopGroup - -Dio.netty.eventLoopThreads: 8
[DEBUG] 2022-07-01 19:59:40.178 [main] NioEventLoop - -Dio.netty.noKeySetOptimization: false
[DEBUG] 2022-07-01 19:59:40.178 [main] NioEventLoop - -Dio.netty.selectorAutoRebuildThreshold: 512
[DEBUG] 2022-07-01 19:59:40.328 [main] PooledByteBufAllocator - -Dio.netty.allocator.numHeapArenas: 8
[DEBUG] 2022-07-01 19:59:40.329 [main] PooledByteBufAllocator - -Dio.netty.allocator.numDirectArenas: 8
[DEBUG] 2022-07-01 19:59:40.329 [main] PooledByteBufAllocator - -Dio.netty.allocator.pageSize: 8192
[DEBUG] 2022-07-01 19:59:40.329 [main] PooledByteBufAllocator - -Dio.netty.allocator.maxOrder: 11
[DEBUG] 2022-07-01 19:59:40.329 [main] PooledByteBufAllocator - -Dio.netty.allocator.chunkSize: 16777216
[DEBUG] 2022-07-01 19:59:40.329 [main] PooledByteBufAllocator - -Dio.netty.allocator.smallCacheSize: 256
[DEBUG] 2022-07-01 19:59:40.329 [main] PooledByteBufAllocator - -Dio.netty.allocator.normalCacheSize: 64
[DEBUG] 2022-07-01 19:59:40.329 [main] PooledByteBufAllocator - -Dio.netty.allocator.maxCachedBufferCapacity: 32768
[DEBUG] 2022-07-01 19:59:40.329 [main] PooledByteBufAllocator - -Dio.netty.allocator.cacheTrimInterval: 8192
[DEBUG] 2022-07-01 19:59:40.330 [main] PooledByteBufAllocator - -Dio.netty.allocator.cacheTrimIntervalMillis: 0
[DEBUG] 2022-07-01 19:59:40.330 [main] PooledByteBufAllocator - -Dio.netty.allocator.useCacheForAllThreads: true
[DEBUG] 2022-07-01 19:59:40.330 [main] PooledByteBufAllocator - -Dio.netty.allocator.maxCachedByteBuffersPerChunk: 1023
[DEBUG] 2022-07-01 19:59:40.363 [main] ByteBufUtil - -Dio.netty.allocator.type: pooled
[DEBUG] 2022-07-01 19:59:40.363 [main] ByteBufUtil - -Dio.netty.threadLocalDirectBufferSize: 0
[DEBUG] 2022-07-01 19:59:40.363 [main] ByteBufUtil - -Dio.netty.maxThreadLocalCharBufferSize: 16384
[DEBUG] 2022-07-01 19:59:42.665 [Forwarding newSession on session null to remote] DefaultChannelId - -Dio.netty.processId: 4804 (auto-detected)
[DEBUG] 2022-07-01 19:59:42.670 [Forwarding newSession on session null to remote] NetUtil - -Djava.net.preferIPv4Stack: true
[DEBUG] 2022-07-01 19:59:42.670 [Forwarding newSession on session null to remote] NetUtil - -Djava.net.preferIPv6Addresses: false
[DEBUG] 2022-07-01 19:59:42.876 [Forwarding newSession on session null to remote] NetUtilInitializations - Loopback interface: lo (Software Loopback Interface 1, 127.0.0.1)
[DEBUG] 2022-07-01 19:59:42.880 [Forwarding newSession on session null to remote] NetUtil - Failed to get SOMAXCONN from sysctl and file \proc\sys\net\core\somaxconn. Default: 200
[DEBUG] 2022-07-01 19:59:43.125 [Forwarding newSession on session null to remote] DefaultChannelId - -Dio.netty.machineId: 6c:88:14:ff:fe:d9:1e:cc (auto-detected)
[DEBUG] 2022-07-01 19:59:43.252 [AsyncHttpClient-1-2] AbstractByteBuf - -Dio.netty.buffer.checkAccessible: true
[DEBUG] 2022-07-01 19:59:43.253 [AsyncHttpClient-1-2] AbstractByteBuf - -Dio.netty.buffer.checkBounds: true
[DEBUG] 2022-07-01 19:59:43.253 [AsyncHttpClient-1-2] ResourceLeakDetectorFactory - Loaded default ResourceLeakDetector: io.netty.util.ResourceLeakDetector@281bf3a7
[DEBUG] 2022-07-01 19:59:43.304 [AsyncHttpClient-1-2] Recycler - -Dio.netty.recycler.maxCapacityPerThread: 4096
[DEBUG] 2022-07-01 19:59:43.305 [AsyncHttpClient-1-2] Recycler - -Dio.netty.recycler.maxSharedCapacityFactor: 2
[DEBUG] 2022-07-01 19:59:43.305 [AsyncHttpClient-1-2] Recycler - -Dio.netty.recycler.linkCapacity: 16
[DEBUG] 2022-07-01 19:59:43.305 [AsyncHttpClient-1-2] Recycler - -Dio.netty.recycler.ratio: 8
[DEBUG] 2022-07-01 19:59:43.305 [AsyncHttpClient-1-2] Recycler - -Dio.netty.recycler.delayedQueue.ratio: 8
[DEBUG] 2022-07-01 19:59:49.071 [AsyncHttpClient-1-2] Brotli - brotli4j not in the classpath; Brotli support will be unavailable.
[DEBUG] 2022-07-01 19:59:51.612 [main] ThreadLocalRandom - -Dio.netty.initialSeedUniquifier: 0x87dd6397981efb8b
Name of test method started:Login
[INFO ] 2022-07-01 20:00:26.915 [main] HybridFrameworkBatch34 - url is entered
[INFO ] 2022-07-01 20:00:28.880 [main] HybridFrameworkBatch34 - cookies deleted
[INFO ] 2022-07-01 20:00:29.121 [main] HybridFrameworkBatch34 - window is maximized
[INFO ] 2022-07-01 20:00:43.136 [main] HybridFrameworkBatch34 - MainPage Login button is Clicked
[INFO ] 2022-07-01 20:00:44.696 [main] HybridFrameworkBatch34 - credentials is entered
[INFO ] 2022-07-01 20:00:44.795 [main] HybridFrameworkBatch34 - Click on Login button
[INFO ] 2022-07-01 20:01:27.777 [main] HybridFrameworkBatch34 - Clicked on Logout button
Name of test method sucessfully executed:Login
]]></system-out>
    <system-err><![CDATA[SLF4J: Failed to load class "org.slf4j.impl.StaticLoggerBinder".
SLF4J: Defaulting to no-operation (NOP) logger implementation
SLF4J: See http://www.slf4j.org/codes.html#StaticLoggerBinder for further details.
Starting ChromeDriver 103.0.5060.53 (a1711811edd74ff1cf2150f36ffa3b0dae40b17f-refs/branch-heads/5060@{#853}) on port 61432
Only local connections are allowed.
Please see https://chromedriver.chromium.org/security-considerations for suggestions on keeping ChromeDriver safe.
ChromeDriver was started successfully.
Jul 01, 2022 7:59:51 PM org.openqa.selenium.remote.ProtocolHandshake createSession
INFO: Detected dialect: W3C
Jul 01, 2022 7:59:52 PM org.openqa.selenium.devtools.CdpVersionFinder findNearestMatch
WARNING: Unable to find an exact match for CDP version 103, so returning the closest version found: a no-op implementation
Jul 01, 2022 7:59:52 PM org.openqa.selenium.devtools.CdpVersionFinder findNearestMatch
INFO: Unable to find CDP implementation matching 103.
Jul 01, 2022 7:59:52 PM org.openqa.selenium.chromium.ChromiumDriver lambda$new$3
WARNING: Unable to find version of CDP to use for . You may need to include a dependency on a specific version of the CDP using something similar to `org.seleniumhq.selenium:selenium-devtools-v86:4.0.0` where the version ("v86") matches the version of the chromium-based browser you're using and the version number of the artifact is the same as Selenium's.
]]></system-err>
  </testcase>
</testsuite>